<?xml version="1.0" encoding="UTF-8"?>
<testsuites>
  <testsuite name="fastlane.lanes">
    
    
    
      
      <testcase classname="fastlane.lanes" name="0: default_platform" time="0.01755">
        
      </testcase>
    
      
      <testcase classname="fastlane.lanes" name="1: gradle" time="10.028492">
        
          <failure message="/Library/Ruby/Gems/2.3.0/gems/fastlane-2.127.1/fastlane/lib/fastlane/actions/actions_helper.rb:48:in `execute_action'&#10;/Library/Ruby/Gems/2.3.0/gems/fastlane-2.127.1/fastlane/lib/fastlane/runner.rb:235:in `block in execute_action'&#10;/Library/Ruby/Gems/2.3.0/gems/fastlane-2.127.1/fastlane/lib/fastlane/runner.rb:227:in `chdir'&#10;/Library/Ruby/Gems/2.3.0/gems/fastlane-2.127.1/fastlane/lib/fastlane/runner.rb:227:in `execute_action'&#10;/Library/Ruby/Gems/2.3.0/gems/fastlane-2.127.1/fastlane/lib/fastlane/runner.rb:157:in `trigger_action_by_name'&#10;/Library/Ruby/Gems/2.3.0/gems/fastlane-2.127.1/fastlane/lib/fastlane/fast_file.rb:154:in `method_missing'&#10;Fastfile:21:in `block (2 levels) in parsing_binding'&#10;/Library/Ruby/Gems/2.3.0/gems/fastlane-2.127.1/fastlane/lib/fastlane/lane.rb:33:in `call'&#10;/Library/Ruby/Gems/2.3.0/gems/fastlane-2.127.1/fastlane/lib/fastlane/runner.rb:49:in `block in execute'&#10;/Library/Ruby/Gems/2.3.0/gems/fastlane-2.127.1/fastlane/lib/fastlane/runner.rb:45:in `chdir'&#10;/Library/Ruby/Gems/2.3.0/gems/fastlane-2.127.1/fastlane/lib/fastlane/runner.rb:45:in `execute'&#10;/Library/Ruby/Gems/2.3.0/gems/fastlane-2.127.1/fastlane/lib/fastlane/lane_manager.rb:56:in `cruise_lane'&#10;/Library/Ruby/Gems/2.3.0/gems/fastlane-2.127.1/fastlane/lib/fastlane/command_line_handler.rb:36:in `handle'&#10;/Library/Ruby/Gems/2.3.0/gems/fastlane-2.127.1/fastlane/lib/fastlane/commands_generator.rb:108:in `block (2 levels) in run'&#10;/Library/Ruby/Gems/2.3.0/gems/commander-fastlane-4.4.6/lib/commander/command.rb:178:in `call'&#10;/Library/Ruby/Gems/2.3.0/gems/commander-fastlane-4.4.6/lib/commander/command.rb:153:in `run'&#10;/Library/Ruby/Gems/2.3.0/gems/commander-fastlane-4.4.6/lib/commander/runner.rb:476:in `run_active_command'&#10;/Library/Ruby/Gems/2.3.0/gems/fastlane-2.127.1/fastlane_core/lib/fastlane_core/ui/fastlane_runner.rb:76:in `run!'&#10;/Library/Ruby/Gems/2.3.0/gems/commander-fastlane-4.4.6/lib/commander/delegates.rb:15:in `run!'&#10;/Library/Ruby/Gems/2.3.0/gems/fastlane-2.127.1/fastlane/lib/fastlane/commands_generator.rb:333:in `run'&#10;/Library/Ruby/Gems/2.3.0/gems/fastlane-2.127.1/fastlane/lib/fastlane/commands_generator.rb:41:in `start'&#10;/Library/Ruby/Gems/2.3.0/gems/fastlane-2.127.1/fastlane/lib/fastlane/cli_tools_distributor.rb:119:in `take_off'&#10;/Library/Ruby/Gems/2.3.0/gems/fastlane-2.127.1/bin/fastlane:23:in `&lt;top (required)&gt;'&#10;/usr/local/bin/fastlane:22:in `load'&#10;/usr/local/bin/fastlane:22:in `&lt;main&gt;'&#10;&#10;Exit status of command '/Users/mac/personal/flutter/blog_app/android/gradlew test -p .' was 1 instead of 0.&#10;Starting a Gradle Daemon, 1 incompatible Daemon could not be reused, use --status for details&#10;&gt; Task :app:flutterBuildX86Jar UP-TO-DATE&#10;&gt; Task :app:checkDevDebugClasspath UP-TO-DATE&#10;&gt; Task :app:preBuild UP-TO-DATE&#10;&gt; Task :connectivity:preBuild UP-TO-DATE&#10;&gt; Task :connectivity:preDebugBuild UP-TO-DATE&#10;&gt; Task :connectivity:checkDebugManifest UP-TO-DATE&#10;&gt; Task :connectivity:processDebugManifest UP-TO-DATE&#10;&gt; Task :app:preDevDebugBuild UP-TO-DATE&#10;&gt; Task :connectivity:compileDebugAidl NO-SOURCE&#10;&gt; Task :app:compileDevDebugAidl NO-SOURCE&#10;&gt; Task :connectivity:packageDebugRenderscript NO-SOURCE&#10;&gt; Task :app:compileDevDebugRenderscript UP-TO-DATE&#10;&gt; Task :app:checkDevDebugManifest UP-TO-DATE&#10;&gt; Task :app:generateDevDebugBuildConfig UP-TO-DATE&#10;&gt; Task :app:prepareLintJar UP-TO-DATE&#10;&gt; Task :app:cleanMergeDevDebugAssets&#10;&#10;&gt; Task :app:flutterBuildDevDebug FAILED&#10;Target file &quot;lib/main.dart&quot; not found.&#10;11 actionable tasks: 2 executed, 9 up-to-date&#10;         *********************************************************&#10;WARNING: This version of connectivity will break your Android build if it or its dependencies aren't compatible with AndroidX.&#10;         See https://goo.gl/CP92wY for more information on the problem and how to fix it.&#10;         This warning prints for all Android build failures. The real root cause of the error may be unrelated.&#10;         *********************************************************&#10;" />
        
      </testcase>
    
  </testsuite>
</testsuites>
